<?xml version="1.0" encoding="UTF-8"?>
<testng-results skipped="0" failed="0" total="1" passed="1">
  <reporter-output>
  </reporter-output>
  <suite name="Default suite" duration-ms="42573" started-at="2015-11-03T15:14:49Z" finished-at="2015-11-03T15:15:32Z">
    <groups>
    </groups>
    <test name="Default test" duration-ms="42573" started-at="2015-11-03T15:14:49Z" finished-at="2015-11-03T15:15:32Z">
      <class name="com.rb.promise.pageObjectsTests.CreateProjectTest001">
        <test-method status="PASS" signature="beforeSuite()[pri:0, instance:com.rb.promise.pageObjectsTests.CreateProjectTest001@281e3708]" name="beforeSuite" is-config="true" duration-ms="341421" started-at="2015-11-03T23:09:08Z" finished-at="2015-11-03T23:14:49Z">
          <reporter-output>
          </reporter-output>
        </test-method> <!-- beforeSuite -->
        <test-method status="PASS" signature="CreateProject001Test()[pri:0, instance:com.rb.promise.pageObjectsTests.CreateProjectTest001@281e3708]" name="CreateProject001Test" duration-ms="42533" started-at="2015-11-03T23:14:49Z" finished-at="2015-11-03T23:15:32Z">
          <reporter-output>
          </reporter-output>
        </test-method> <!-- CreateProject001Test -->
        <test-method status="PASS" signature="afterSuite()[pri:0, instance:com.rb.promise.pageObjectsTests.CreateProjectTest001@281e3708]" name="afterSuite" is-config="true" duration-ms="0" started-at="2015-11-03T23:15:32Z" finished-at="2015-11-03T23:15:32Z">
          <reporter-output>
          </reporter-output>
        </test-method> <!-- afterSuite -->
      </class> <!-- com.rb.promise.pageObjectsTests.CreateProjectTest001 -->
    </test> <!-- Default test -->
  </suite> <!-- Default suite -->
</testng-results>
